<?xml version="1.0" encoding="UTF-8"?>
<!-- Generated by org.testng.reporters.JUnitReportReporter -->
<testsuite hostname="Babu-PC" name="automationscript.Demo" tests="1" failures="0" timestamp="18 Sep 2014 05:22:40 GMT" time="0.583" errors="0">
  <testcase name="datatest" time="0.583" classname="automationscript.Demo"/>
</testsuite> <!-- automationscript.Demo -->
