<?xml version="1.0" encoding="UTF-8"?>
<!-- Generated by org.testng.reporters.JUnitReportReporter -->
<testsuite hostname="Babu-PC" name="automationscript.MamberId" tests="1" failures="0" timestamp="20 Sep 2014 16:39:11 GMT" time="896.159" errors="0">
  <testcase name="MamberId_TC1" time="896.159" classname="automationscript.MamberId"/>
</testsuite> <!-- automationscript.MamberId -->
